This is pdfTeX, Version 3.14159265-2.6-1.40.21 (TeX Live 2020/W32TeX) (preloaded format=pdflatex 2020.10.16)  21 OCT 2020 21:15
entering extended mode
 restricted \write18 enabled.
 file:line:error style messages enabled.
 %&-line parsing enabled.
**d:/Github/AnalisisDeAlgoritmos-21-1/reportes/Reporte1/Reporte1_BusquedaLineal.tex
(d:/Github/AnalisisDeAlgoritmos-21-1/reportes/Reporte1/Reporte1_BusquedaLineal.tex
LaTeX2e <2020-10-01> patch level 1
L3 programming layer <2020-10-05> xparse <2020-03-03> (c:/texlive/2020/texmf-dist/tex/latex/base/article.cls
Document Class: article 2020/04/10 v1.4m Standard LaTeX document class
(c:/texlive/2020/texmf-dist/tex/latex/base/size10.clo
File: size10.clo 2020/04/10 v1.4m Standard LaTeX file (size option)
)
\c@part=\count175
\c@section=\count176
\c@subsection=\count177
\c@subsubsection=\count178
\c@paragraph=\count179
\c@subparagraph=\count180
\c@figure=\count181
\c@table=\count182
\abovecaptionskip=\skip47
\belowcaptionskip=\skip48
\bibindent=\dimen138
) (c:/texlive/2020/texmf-dist/tex/latex/base/inputenc.sty
Package: inputenc 2020/08/01 v1.3d Input encoding file
\inpenc@prehook=\toks15
\inpenc@posthook=\toks16
) (c:/texlive/2020/texmf-dist/tex/latex/graphics/graphicx.sty
Package: graphicx 2020/09/09 v1.2b Enhanced LaTeX Graphics (DPC,SPQR)
 (c:/texlive/2020/texmf-dist/tex/latex/graphics/keyval.sty
Package: keyval 2014/10/28 v1.15 key=value parser (DPC)
\KV@toks@=\toks17
) (c:/texlive/2020/texmf-dist/tex/latex/graphics/graphics.sty
Package: graphics 2020/08/30 v1.4c Standard LaTeX Graphics (DPC,SPQR)
 (c:/texlive/2020/texmf-dist/tex/latex/graphics/trig.sty
Package: trig 2016/01/03 v1.10 sin cos tan (DPC)
) (c:/texlive/2020/texmf-dist/tex/latex/graphics-cfg/graphics.cfg
File: graphics.cfg 2016/06/04 v1.11 sample graphics configuration
)
Package graphics Info: Driver file: pdftex.def on input line 105.
 (c:/texlive/2020/texmf-dist/tex/latex/graphics-def/pdftex.def
File: pdftex.def 2020/10/05 v1.2a Graphics/color driver for pdftex
))
\Gin@req@height=\dimen139
\Gin@req@width=\dimen140
) (c:/texlive/2020/texmf-dist/tex/latex/l3backend/l3backend-pdftex.def
File: l3backend-pdftex.def 2020-09-24 L3 backend support: PDF output (pdfTeX)
\l__kernel_color_stack_int=\count183
\l__pdf_internal_box=\box47
) (d:/Github/AnalisisDeAlgoritmos-21-1/reportes/Reporte1/Reporte1_BusquedaLineal.aux)
\openout1 = `Reporte1_BusquedaLineal.aux'.

LaTeX Font Info:    Checking defaults for OML/cmm/m/it on input line 9.
LaTeX Font Info:    ... okay on input line 9.
LaTeX Font Info:    Checking defaults for OMS/cmsy/m/n on input line 9.
LaTeX Font Info:    ... okay on input line 9.
LaTeX Font Info:    Checking defaults for OT1/cmr/m/n on input line 9.
LaTeX Font Info:    ... okay on input line 9.
LaTeX Font Info:    Checking defaults for T1/cmr/m/n on input line 9.
LaTeX Font Info:    ... okay on input line 9.
LaTeX Font Info:    Checking defaults for TS1/cmr/m/n on input line 9.
LaTeX Font Info:    ... okay on input line 9.
LaTeX Font Info:    Checking defaults for OMX/cmex/m/n on input line 9.
LaTeX Font Info:    ... okay on input line 9.
LaTeX Font Info:    Checking defaults for U/cmr/m/n on input line 9.
LaTeX Font Info:    ... okay on input line 9.
 (c:/texlive/2020/texmf-dist/tex/context/base/mkii/supp-pdf.mkii
[Loading MPS to PDF converter (version 2006.09.02).]
\scratchcounter=\count184
\scratchdimen=\dimen141
\scratchbox=\box48
\nofMPsegments=\count185
\nofMParguments=\count186
\everyMPshowfont=\toks18
\MPscratchCnt=\count187
\MPscratchDim=\dimen142
\MPnumerator=\count188
\makeMPintoPDFobject=\count189
\everyMPtoPDFconversion=\toks19
) (c:/texlive/2020/texmf-dist/tex/latex/epstopdf-pkg/epstopdf-base.sty
Package: epstopdf-base 2020-01-24 v2.11 Base part for package epstopdf
Package epstopdf-base Info: Redefining graphics rule for `.eps' on input line 485.
 (c:/texlive/2020/texmf-dist/tex/latex/latexconfig/epstopdf-sys.cfg
File: epstopdf-sys.cfg 2010/07/13 v1.3 Configuration of (r)epstopdf for TeX Live
))
LaTeX Font Info:    External font `cmex10' loaded for size
(Font)              <12> on input line 10.
LaTeX Font Info:    External font `cmex10' loaded for size
(Font)              <8> on input line 10.
LaTeX Font Info:    External font `cmex10' loaded for size
(Font)              <6> on input line 10.
 [1

{c:/texlive/2020/texmf-var/fonts/map/pdftex/updmap/pdftex.map}]
<mejor.png, id=11, 630.10406pt x 498.36188pt>
File: mejor.png Graphic file (type png)
<use mejor.png>
Package pdftex.def Info: mejor.png  used on input line 20.
(pdftex.def)             Requested size: 341.43306pt x 270.04674pt.
LaTeX Font Info:    External font `cmex10' loaded for size
(Font)              <7> on input line 22.
LaTeX Font Info:    External font `cmex10' loaded for size
(Font)              <5> on input line 22.
<medio.png, id=13, 644.4075pt x 517.935pt>
File: medio.png Graphic file (type png)
<use medio.png>
Package pdftex.def Info: medio.png  used on input line 25.
(pdftex.def)             Requested size: 341.43306pt x 274.4331pt.
 [2 <d:/Github/AnalisisDeAlgoritmos-21-1/reportes/Reporte1/mejor.png>]
<peor.png, id=19, 688.07062pt x 529.22719pt>
File: peor.png Graphic file (type png)
<use peor.png>
Package pdftex.def Info: peor.png  used on input line 30.
(pdftex.def)             Requested size: 341.43306pt x 262.61024pt.
 [3 <d:/Github/AnalisisDeAlgoritmos-21-1/reportes/Reporte1/medio.png>] [4 <d:/Github/AnalisisDeAlgoritmos-21-1/reportes/Reporte1/peor.png>] (d:/Github/AnalisisDeAlgoritmos-21-1/reportes/Reporte1/Reporte1_BusquedaLineal.aux) ) 
Here is how much of TeX's memory you used:
 1234 strings out of 479917
 19077 string characters out of 5886664
 284221 words of memory out of 5000000
 17840 multiletter control sequences out of 15000+600000
 539370 words of font info for 43 fonts, out of 8000000 for 9000
 1141 hyphenation exceptions out of 8191
 66i,7n,72p,283b,204s stack positions out of 5000i,500n,10000p,200000b,80000s
{c:/texlive/2020/texmf-dist/fonts/enc/dvips/cm-super/cm-super-ts1.enc}<c:/texlive/2020/texmf-dist/fonts/type1/public/amsfonts/cm/cmbx12.pfb><c:/texlive/2020/texmf-dist/fonts/type1/public/amsfonts/cm/cmmi10.pfb><c:/texlive/2020/texmf-dist/fonts/type1/public/amsfonts/cm/cmr10.pfb><c:/texlive/2020/texmf-dist/fonts/type1/public/amsfonts/cm/cmr12.pfb><c:/texlive/2020/texmf-dist/fonts/type1/public/amsfonts/cm/cmr17.pfb><c:/texlive/2020/texmf-dist/fonts/type1/public/cm-super/sfrm1000.pfb>
Output written on d:/Github/AnalisisDeAlgoritmos-21-1/reportes/Reporte1/Reporte1_BusquedaLineal.pdf (4 pages, 188582 bytes).
PDF statistics:
 49 PDF objects out of 1000 (max. 8388607)
 30 compressed objects within 1 object stream
 0 named destinations out of 1000 (max. 500000)
 16 words of extra memory for PDF output out of 10000 (max. 10000000)

